
> frontend@0.1.0 dev
> next dev

▲ Next.js 16.2.6 (Turbopack)
- Local:         http://localhost:3000
- Network:       http://192.168.0.2:3000
✓ Ready in 522ms

○ Compiling / ...
 HEAD / 200 in 5.9s (next.js: 5.4s, application-code: 474ms)
 GET / 200 in 130ms (next.js: 14ms, application-code: 116ms)
[browser] THREE.Clock: This module has been deprecated. Please use THREE.Timer instead.
[browser] ⨯ unhandledRejection: TypeError: Failed to fetch
    at handleToggle (app/page.tsx:25:11)
  23 |   const handleToggle = async () => {
  24 |     const endpoint = status.running ? "stop" : "start";
> 25 |     await fetch(`http://localhost:8000/api/${endpoint}`, { method: "POST" });
     |           ^
  26 |   };
  27 |
  28 |   return (
[browser] ⨯ unhandledRejection: TypeError: Failed to fetch
    at handleToggle (app/page.tsx:25:11)
  23 |   const handleToggle = async () => {
  24 |     const endpoint = status.running ? "stop" : "start";
> 25 |     await fetch(`http://localhost:8000/api/${endpoint}`, { method: "POST" });
     |           ^
  26 |   };
  27 |
  28 |   return (
